<?xml version="1.0" encoding="UTF-8"?>
<!-- Generated by org.testng.reporters.JUnitReportReporter -->
<testsuite hostname="DESKTOP-QN98QQN" failures="0" tests="1" name="com.api.automation.Practice" time="0.039" errors="0" timestamp="2024-08-30T16:17:51 IST" skipped="0">
  <testcase classname="com.api.automation.Practice" name="ApiTest" time="0.039"/>
  <system-out/>
</testsuite> <!-- com.api.automation.Practice -->
